[INFO] Scanning for projects...
[INFO] 
[INFO] -----------------< com.infosys.farmxchain:FarmXChain >------------------
[INFO] Building FarmXChain 0.0.1-SNAPSHOT
[INFO]   from pom.xml
[INFO] --------------------------------[ jar ]---------------------------------
[INFO] 
[INFO] --- clean:3.5.0:clean (default-clean) @ FarmXChain ---
[INFO] Deleting K:\BackedX\Infosys\FarmXChain\target
[INFO] 
[INFO] --- resources:3.3.1:resources (default-resources) @ FarmXChain ---
[INFO] Copying 1 resource from src\main\resources to target\classes
[INFO] Copying 2 resources from src\main\resources to target\classes
[INFO] 
[INFO] --- compiler:3.14.1:compile (default-compile) @ FarmXChain ---
[INFO] Recompiling the module because of changed source code.
[INFO] Compiling 42 source files with javac [debug parameters release 17] to target\classes
[INFO] -------------------------------------------------------------
[ERROR] COMPILATION ERROR : 
[INFO] -------------------------------------------------------------
[ERROR] /K:/BackedX/Infosys/FarmXChain/src/main/java/com/infosys/farmxchain/service/BlockchainService.java:[111,42] cannot find symbol
  symbol:   variable GAS_PRICE
  location: class org.web3j.tx.gas.StaticGasProvider
[INFO] 1 error
[INFO] -------------------------------------------------------------
[INFO] ------------------------------------------------------------------------
[INFO] BUILD FAILURE
[INFO] ------------------------------------------------------------------------
[INFO] Total time:  10.375 s
[INFO] Finished at: 2026-01-19T11:51:47+05:30
[INFO] ------------------------------------------------------------------------
[ERROR] Failed to execute goal org.apache.maven.plugins:maven-compiler-plugin:3.14.1:compile (default-compile) on project FarmXChain: Compilation failure
[ERROR] /K:/BackedX/Infosys/FarmXChain/src/main/java/com/infosys/farmxchain/service/BlockchainService.java:[111,42] cannot find symbol
[ERROR]   symbol:   variable GAS_PRICE
[ERROR]   location: class org.web3j.tx.gas.StaticGasProvider
[ERROR] 
[ERROR] -> [Help 1]
[ERROR] 
[ERROR] To see the full stack trace of the errors, re-run Maven with the -e switch.
[ERROR] Re-run Maven using the -X switch to enable full debug logging.
[ERROR] 
[ERROR] For more information about the errors and possible solutions, please read the following articles:
[ERROR] [Help 1] http://cwiki.apache.org/confluence/display/MAVEN/MojoFailureException
